<?xml version="1.0" encoding="UTF-8"?>
<testng-results skipped="0" failed="0" ignored="0" total="1" passed="1">
  <reporter-output>
  </reporter-output>
  <suite name="Default suite" duration-ms="22483" started-at="2019-09-27T13:28:01Z" finished-at="2019-09-27T13:28:23Z">
    <groups>
    </groups>
    <test name="Default test" duration-ms="22483" started-at="2019-09-27T13:28:01Z" finished-at="2019-09-27T13:28:23Z">
      <class name="org.atmecs.website.testscripts.Services">
        <test-method status="PASS" signature="startReport()[pri:0, instance:org.atmecs.website.testscripts.Services@39c0f4a]" name="startReport" is-config="true" duration-ms="296" started-at="2019-09-27T13:28:01Z" finished-at="2019-09-27T13:28:01Z">
          <reporter-output>
          </reporter-output>
        </test-method> <!-- startReport -->
        <test-method status="PASS" signature="baseSetup()[pri:0, instance:org.atmecs.website.testscripts.Services@39c0f4a]" name="baseSetup" is-config="true" duration-ms="8641" started-at="2019-09-27T13:28:01Z" finished-at="2019-09-27T13:28:10Z">
          <reporter-output>
          </reporter-output>
        </test-method> <!-- baseSetup -->
        <test-method status="PASS" signature="servicesOptionCheck()[pri:0, instance:org.atmecs.website.testscripts.Services@39c0f4a]" name="servicesOptionCheck" duration-ms="12999" started-at="2019-09-27T13:28:10Z" finished-at="2019-09-27T13:28:23Z">
          <reporter-output>
          </reporter-output>
        </test-method> <!-- servicesOptionCheck -->
        <test-method status="PASS" signature="tearDown(org.testng.ITestResult)[pri:0, instance:org.atmecs.website.testscripts.Services@39c0f4a]" name="tearDown" is-config="true" duration-ms="796" started-at="2019-09-27T13:28:23Z" finished-at="2019-09-27T13:28:23Z">
          <params>
            <param index="0">
              <value>
                <![CDATA[[TestResult name=servicesOptionCheck status=SUCCESS method=Services.servicesOptionCheck()[pri:0, instance:org.atmecs.website.testscripts.Services@39c0f4a] output={null}]]]>
              </value>
            </param>
          </params>
          <reporter-output>
          </reporter-output>
        </test-method> <!-- tearDown -->
        <test-method status="PASS" signature="endReport()[pri:0, instance:org.atmecs.website.testscripts.Services@39c0f4a]" name="endReport" is-config="true" duration-ms="3956" started-at="2019-09-27T13:28:23Z" finished-at="2019-09-27T13:28:27Z">
          <reporter-output>
          </reporter-output>
        </test-method> <!-- endReport -->
      </class> <!-- org.atmecs.website.testscripts.Services -->
    </test> <!-- Default test -->
  </suite> <!-- Default suite -->
</testng-results>
